[debug] [2025-05-31T02:27:50.703Z] ----------------------------------------------------------------------
[debug] [2025-05-31T02:27:50.707Z] Command:       C:\Program Files\nodejs\node.exe C:\Users\mkahi\AppData\Roaming\npm\node_modules\firebase-tools\lib\bin\firebase.js init
[debug] [2025-05-31T02:27:50.707Z] CLI Version:   14.5.1
[debug] [2025-05-31T02:27:50.707Z] Platform:      win32
[debug] [2025-05-31T02:27:50.708Z] Node Version:  v20.14.0
[debug] [2025-05-31T02:27:50.708Z] Time:          Fri May 30 2025 16:27:50 GMT-1000 (Hawaii-Aleutian Standard Time)
[debug] [2025-05-31T02:27:50.708Z] ----------------------------------------------------------------------
[debug] 
[debug] [2025-05-31T02:27:50.711Z] >>> [apiv2][query] GET https://firebase-public.firebaseio.com/cli.json [none]
[debug] [2025-05-31T02:27:50.757Z] > command requires scopes: ["email","openid","https://www.googleapis.com/auth/cloudplatformprojects.readonly","https://www.googleapis.com/auth/firebase","https://www.googleapis.com/auth/cloud-platform"]
[debug] [2025-05-31T02:27:50.757Z] > authorizing via signed-in user (mkahiwa@gmail.com)
[info] 
     ######## #### ########  ######## ########     ###     ######  ########
     ##        ##  ##     ## ##       ##     ##  ##   ##  ##       ##
     ######    ##  ########  ######   ########  #########  ######  ######
     ##        ##  ##    ##  ##       ##     ## ##     ##       ## ##
     ##       #### ##     ## ######## ########  ##     ##  ######  ########

You're about to initialize a Firebase project in this directory:

  C:\Users\mkahi\OneDrive\Desktop\PORTFOLIO\legends-gbp

[debug] [2025-05-31T02:27:51.079Z] <<< [apiv2][status] GET https://firebase-public.firebaseio.com/cli.json 200
[debug] [2025-05-31T02:27:51.079Z] <<< [apiv2][body] GET https://firebase-public.firebaseio.com/cli.json {"cloudBuildErrorAfter":1594252800000,"cloudBuildWarnAfter":1590019200000,"defaultNode10After":1594252800000,"minVersion":"3.0.5","node8DeploysDisabledAfter":1613390400000,"node8RuntimeDisabledAfter":1615809600000,"node8WarnAfter":1600128000000}
[info] 
=== Project Setup
[info] 
[info] First, let's associate this project directory with a Firebase project.
[info] You can create multiple project aliases by running firebase use --add, 
[info] but for now we'll just set up a default project.
[info] 
[info] i  If you want to create a project in a Google Cloud organization or folder, please use "firebase projects:create" instead, and return to this command when you've created the project. 
[debug] [2025-05-31T02:31:48.039Z] Checked if tokens are valid: false, expires at: 1722559249874
[debug] [2025-05-31T02:31:48.040Z] Checked if tokens are valid: false, expires at: 1722559249874
[debug] [2025-05-31T02:31:48.040Z] > refreshing access token with scopes: []
[debug] [2025-05-31T02:31:48.041Z] >>> [apiv2][query] POST https://www.googleapis.com/oauth2/v3/token [none]
[debug] [2025-05-31T02:31:48.041Z] >>> [apiv2][body] POST https://www.googleapis.com/oauth2/v3/token [omitted]
[debug] [2025-05-31T02:31:48.305Z] <<< [apiv2][status] POST https://www.googleapis.com/oauth2/v3/token 400
[debug] [2025-05-31T02:31:48.305Z] <<< [apiv2][body] POST https://www.googleapis.com/oauth2/v3/token [omitted]
[debug] [2025-05-31T02:31:48.305Z] >>> [apiv2][query] POST https://cloudresourcemanager.googleapis.com/v1/projects [none]
[debug] [2025-05-31T02:31:48.305Z] >>> [apiv2][body] POST https://cloudresourcemanager.googleapis.com/v1/projects {"projectId":"hawaiian-legend-explorer","name":"hawaiian-legend-explorer"}
[debug] [2025-05-31T02:31:48.733Z] <<< [apiv2][status] POST https://cloudresourcemanager.googleapis.com/v1/projects 401
[debug] [2025-05-31T02:31:48.733Z] <<< [apiv2][body] POST https://cloudresourcemanager.googleapis.com/v1/projects {"error":{"code":401,"message":"Request had invalid authentication credentials. Expected OAuth 2 access token, login cookie or other valid authentication credential. See https://developers.google.com/identity/sign-in/web/devconsole-project.","status":"UNAUTHENTICATED","details":[{"@type":"type.googleapis.com/google.rpc.ErrorInfo","reason":"ACCESS_TOKEN_TYPE_UNSUPPORTED","metadata":{"method":"google.cloudresourcemanager.v1.Projects.CreateProject","service":"cloudresourcemanager.googleapis.com"}}]}}
[debug] [2025-05-31T02:31:48.734Z] Got a 401 Unauthenticated error for a call that required authentication. Refreshing tokens.
[debug] [2025-05-31T02:31:48.734Z] Checked if tokens are valid: false, expires at: 1722559249874
[debug] [2025-05-31T02:31:48.734Z] Checked if tokens are valid: false, expires at: 1722559249874
[debug] [2025-05-31T02:31:48.734Z] > refreshing access token with scopes: []
[debug] [2025-05-31T02:31:48.734Z] >>> [apiv2][query] POST https://www.googleapis.com/oauth2/v3/token [none]
[debug] [2025-05-31T02:31:48.734Z] >>> [apiv2][body] POST https://www.googleapis.com/oauth2/v3/token [omitted]
[debug] [2025-05-31T02:31:48.842Z] <<< [apiv2][status] POST https://www.googleapis.com/oauth2/v3/token 400
[debug] [2025-05-31T02:31:48.843Z] <<< [apiv2][body] POST https://www.googleapis.com/oauth2/v3/token [omitted]
[debug] [2025-05-31T02:31:49.100Z] FirebaseError: Request to https://cloudresourcemanager.googleapis.com/v1/projects had HTTP Error: 401, Request had invalid authentication credentials. Expected OAuth 2 access token, login cookie or other valid authentication credential. See https://developers.google.com/identity/sign-in/web/devconsole-project.
    at responseToError (C:\Users\mkahi\AppData\Roaming\npm\node_modules\firebase-tools\lib\responseToError.js:52:12)
    at RetryOperation._fn (C:\Users\mkahi\AppData\Roaming\npm\node_modules\firebase-tools\lib\apiv2.js:312:77)
    at process.processTicksAndRejections (node:internal/process/task_queues:95:5)
[error] 
[error] Error: Failed to create project. See firebase-debug.log for more info.
[debug] [2025-05-31T02:34:20.544Z] ----------------------------------------------------------------------
[debug] [2025-05-31T02:34:20.547Z] Command:       C:\Program Files\nodejs\node.exe C:\Users\mkahi\AppData\Roaming\npm\node_modules\firebase-tools\lib\bin\firebase.js init
[debug] [2025-05-31T02:34:20.547Z] CLI Version:   14.5.1
[debug] [2025-05-31T02:34:20.547Z] Platform:      win32
[debug] [2025-05-31T02:34:20.548Z] Node Version:  v20.14.0
[debug] [2025-05-31T02:34:20.548Z] Time:          Fri May 30 2025 16:34:20 GMT-1000 (Hawaii-Aleutian Standard Time)
[debug] [2025-05-31T02:34:20.548Z] ----------------------------------------------------------------------
[debug] 
[debug] [2025-05-31T02:34:20.553Z] > command requires scopes: ["email","openid","https://www.googleapis.com/auth/cloudplatformprojects.readonly","https://www.googleapis.com/auth/firebase","https://www.googleapis.com/auth/cloud-platform"]
[debug] [2025-05-31T02:34:20.554Z] > authorizing via signed-in user (mkahiwa@gmail.com)
[info] 
     ######## #### ########  ######## ########     ###     ######  ########
     ##        ##  ##     ## ##       ##     ##  ##   ##  ##       ##
     ######    ##  ########  ######   ########  #########  ######  ######
     ##        ##  ##    ##  ##       ##     ## ##     ##       ## ##
     ##       #### ##     ## ######## ########  ##     ##  ######  ########

You're about to initialize a Firebase project in this directory:

  C:\Users\mkahi\OneDrive\Desktop\PORTFOLIO\legends-gbp

[info] 
=== Project Setup
[info] 
[info] First, let's associate this project directory with a Firebase project.
[info] You can create multiple project aliases by running firebase use --add, 
[info] but for now we'll just set up a default project.
[info] 
[debug] [2025-05-31T02:34:35.158Z] Checked if tokens are valid: false, expires at: 1722559249874
[debug] [2025-05-31T02:34:35.159Z] Checked if tokens are valid: false, expires at: 1722559249874
[debug] [2025-05-31T02:34:35.159Z] > refreshing access token with scopes: []
[debug] [2025-05-31T02:34:35.160Z] >>> [apiv2][query] POST https://www.googleapis.com/oauth2/v3/token [none]
[debug] [2025-05-31T02:34:35.160Z] >>> [apiv2][body] POST https://www.googleapis.com/oauth2/v3/token [omitted]
[debug] [2025-05-31T02:34:35.493Z] <<< [apiv2][status] POST https://www.googleapis.com/oauth2/v3/token 400
[debug] [2025-05-31T02:34:35.493Z] <<< [apiv2][body] POST https://www.googleapis.com/oauth2/v3/token [omitted]
[debug] [2025-05-31T02:34:35.493Z] >>> [apiv2][query] GET https://firebase.googleapis.com/v1beta1/projects pageSize=100
[debug] [2025-05-31T02:34:36.003Z] <<< [apiv2][status] GET https://firebase.googleapis.com/v1beta1/projects 401
[debug] [2025-05-31T02:34:36.003Z] <<< [apiv2][body] GET https://firebase.googleapis.com/v1beta1/projects [omitted]
[debug] [2025-05-31T02:34:36.003Z] Got a 401 Unauthenticated error for a call that required authentication. Refreshing tokens.
[debug] [2025-05-31T02:34:36.003Z] Checked if tokens are valid: false, expires at: 1722559249874
[debug] [2025-05-31T02:34:36.003Z] Checked if tokens are valid: false, expires at: 1722559249874
[debug] [2025-05-31T02:34:36.003Z] > refreshing access token with scopes: []
[debug] [2025-05-31T02:34:36.004Z] >>> [apiv2][query] POST https://www.googleapis.com/oauth2/v3/token [none]
[debug] [2025-05-31T02:34:36.004Z] >>> [apiv2][body] POST https://www.googleapis.com/oauth2/v3/token [omitted]
[debug] [2025-05-31T02:34:36.116Z] <<< [apiv2][status] POST https://www.googleapis.com/oauth2/v3/token 400
[debug] [2025-05-31T02:34:36.116Z] <<< [apiv2][body] POST https://www.googleapis.com/oauth2/v3/token [omitted]
[debug] [2025-05-31T02:34:36.118Z] Request to https://firebase.googleapis.com/v1beta1/projects?pageSize=100 had HTTP Error: 401, Request had invalid authentication credentials. Expected OAuth 2 access token, login cookie or other valid authentication credential. See https://developers.google.com/identity/sign-in/web/devconsole-project.
[debug] [2025-05-31T02:34:36.374Z] FirebaseError: Request to https://firebase.googleapis.com/v1beta1/projects?pageSize=100 had HTTP Error: 401, Request had invalid authentication credentials. Expected OAuth 2 access token, login cookie or other valid authentication credential. See https://developers.google.com/identity/sign-in/web/devconsole-project.
    at responseToError (C:\Users\mkahi\AppData\Roaming\npm\node_modules\firebase-tools\lib\responseToError.js:52:12)
    at RetryOperation._fn (C:\Users\mkahi\AppData\Roaming\npm\node_modules\firebase-tools\lib\apiv2.js:312:77)
    at process.processTicksAndRejections (node:internal/process/task_queues:95:5)
[error] 
[error] Error: Failed to list Firebase projects. See firebase-debug.log for more info.
